2026-01-13 13:15:30,406 - \u10db\u10dd\u10db\u10ee\u10db\u10d0\u10e0\u10d4\u10d1\u10d4\u10da\u10db\u10d0 \u10d0\u10d8\u10e0\u10e9\u10d8\u10d0 1 , \u10d4\u10e1 \u10e0\u10d8\u10ea\u10ee\u10d5\u10d8 \u10d0\u10e0\u10ea\u10d4\u10e0\u10d7\u10e1 \u10d0\u10e0 \u10d4\u10db\u10d7\u10ee\u10d5\u10d4\u10d5\u10d0
2026-01-13 13:15:31,190 - \u10db\u10dd\u10db\u10ee\u10db\u10d0\u10e0\u10d4\u10d1\u10d4\u10da\u10db\u10d0 \u10d0\u10d8\u10e0\u10e9\u10d8\u10d0 2 , \u10d4\u10e1 \u10e0\u10d8\u10ea\u10ee\u10d5\u10d8 \u10d0\u10e0\u10ea\u10d4\u10e0\u10d7\u10e1 \u10d0\u10e0 \u10d4\u10db\u10d7\u10ee\u10d5\u10d4\u10d5\u10d0
2026-01-13 13:15:32,517 - \u10db\u10dd\u10db\u10ee\u10db\u10d0\u10e0\u10d4\u10d1\u10d4\u10da\u10db\u10d0 \u10d0\u10d8\u10e0\u10e9\u10d8\u10d0 3 , \u10d4\u10e1 \u10e0\u10d8\u10ea\u10ee\u10d5\u10d8 \u10d0\u10e0\u10ea\u10d4\u10e0\u10d7\u10e1 \u10d0\u10e0 \u10d4\u10db\u10d7\u10ee\u10d5\u10d4\u10d5\u10d0
2026-01-13 13:15:33,205 - \u10db\u10dd\u10db\u10ee\u10db\u10d0\u10e0\u10d4\u10d1\u10d4\u10da\u10db\u10d0 \u10d0\u10d8\u10e0\u10e9\u10d8\u10d0 10 \u10d3\u10d0\u10db\u10d7\u10ee\u10d5\u10d4\u10d5\u10d0\u10d7\u10d0 \u10e0\u10d0\u10dd\u10d3\u10d4\u10dc\u10dd\u10d1\u10d0 \u10e8\u10d4\u10d0\u10d3\u10d2\u10d4\u10dc\u10e1 1
2026-01-13 13:15:35,206 - \u10db\u10dd\u10db\u10ee\u10db\u10d0\u10e0\u10d4\u10d1\u10d4\u10da\u10db\u10d0 \u10d0\u10d8\u10e0\u10e9\u10d8\u10d0 17 \u10d3\u10d0\u10db\u10d7\u10ee\u10d5\u10d4\u10d5\u10d0\u10d7\u10d0 \u10e0\u10d0\u10dd\u10d3\u10d4\u10dc\u10dd\u10d1\u10d0 \u10e8\u10d4\u10d0\u10d3\u10d2\u10d4\u10dc\u10e1 2
2026-01-13 13:15:36,836 - \u10db\u10dd\u10db\u10ee\u10db\u10d0\u10e0\u10d4\u10d1\u10d4\u10da\u10db\u10d0 \u10d0\u10d8\u10e0\u10e9\u10d8\u10d0 47 \u10d3\u10d0\u10db\u10d7\u10ee\u10d5\u10d4\u10d5\u10d0\u10d7\u10d0 \u10e0\u10d0\u10dd\u10d3\u10d4\u10dc\u10dd\u10d1\u10d0 \u10e8\u10d4\u10d0\u10d3\u10d2\u10d4\u10dc\u10e1 3
2026-01-13 13:15:36,836 - \u10db\u10dd\u10d2\u10d4\u10d1\u10e3\u10da\u10d8 \u10d7\u10d0\u10dc\u10ee\u10d0 \u10e8\u10d4\u10d0\u10d3\u10d2\u10d4\u10dc\u10e1 200.0
2026-01-13 13:16:21,957 - \u10db\u10dd\u10db\u10ee\u10db\u10d0\u10e0\u10d4\u10d1\u10d4\u10da\u10db\u10d0 \u10d0\u10d8\u10e0\u10e9\u10d8\u10d0 36 \u10d3\u10d0\u10db\u10d7\u10ee\u10d5\u10d4\u10d5\u10d0\u10d7\u10d0 \u10e0\u10d0\u10dd\u10d3\u10d4\u10dc\u10dd\u10d1\u10d0 \u10e8\u10d4\u10d0\u10d3\u10d2\u10d4\u10dc\u10e1 1
2026-01-13 13:16:22,571 - \u10db\u10dd\u10db\u10ee\u10db\u10d0\u10e0\u10d4\u10d1\u10d4\u10da\u10db\u10d0 \u10d0\u10d8\u10e0\u10e9\u10d8\u10d0 18 \u10d3\u10d0\u10db\u10d7\u10ee\u10d5\u10d4\u10d5\u10d0\u10d7\u10d0 \u10e0\u10d0\u10dd\u10d3\u10d4\u10dc\u10dd\u10d1\u10d0 \u10e8\u10d4\u10d0\u10d3\u10d2\u10d4\u10dc\u10e1 2
2026-01-13 13:16:23,101 - \u10db\u10dd\u10db\u10ee\u10db\u10d0\u10e0\u10d4\u10d1\u10d4\u10da\u10db\u10d0 \u10d0\u10d8\u10e0\u10e9\u10d8\u10d0 46 \u10d3\u10d0\u10db\u10d7\u10ee\u10d5\u10d4\u10d5\u10d0\u10d7\u10d0 \u10e0\u10d0\u10dd\u10d3\u10d4\u10dc\u10dd\u10d1\u10d0 \u10e8\u10d4\u10d0\u10d3\u10d2\u10d4\u10dc\u10e1 3
2026-01-13 13:16:23,628 - \u10db\u10dd\u10db\u10ee\u10db\u10d0\u10e0\u10d4\u10d1\u10d4\u10da\u10db\u10d0 \u10d0\u10d8\u10e0\u10e9\u10d8\u10d0 34 \u10d3\u10d0\u10db\u10d7\u10ee\u10d5\u10d4\u10d5\u10d0\u10d7\u10d0 \u10e0\u10d0\u10dd\u10d3\u10d4\u10dc\u10dd\u10d1\u10d0 \u10e8\u10d4\u10d0\u10d3\u10d2\u10d4\u10dc\u10e1 4
2026-01-13 13:16:24,092 - \u10db\u10dd\u10db\u10ee\u10db\u10d0\u10e0\u10d4\u10d1\u10d4\u10da\u10db\u10d0 \u10d0\u10d8\u10e0\u10e9\u10d8\u10d0 23 \u10d3\u10d0\u10db\u10d7\u10ee\u10d5\u10d4\u10d5\u10d0\u10d7\u10d0 \u10e0\u10d0\u10dd\u10d3\u10d4\u10dc\u10dd\u10d1\u10d0 \u10e8\u10d4\u10d0\u10d3\u10d2\u10d4\u10dc\u10e1 5
2026-01-13 13:16:24,604 - \u10db\u10dd\u10db\u10ee\u10db\u10d0\u10e0\u10d4\u10d1\u10d4\u10da\u10db\u10d0 \u10d0\u10d8\u10e0\u10e9\u10d8\u10d0 15 \u10d3\u10d0\u10db\u10d7\u10ee\u10d5\u10d4\u10d5\u10d0\u10d7\u10d0 \u10e0\u10d0\u10dd\u10d3\u10d4\u10dc\u10dd\u10d1\u10d0 \u10e8\u10d4\u10d0\u10d3\u10d2\u10d4\u10dc\u10e1 6
2026-01-13 13:16:24,604 - \u10db\u10dd\u10d2\u10d4\u10d1\u10e3\u10da\u10d8 \u10d7\u10d0\u10dc\u10ee\u10d0 \u10e8\u10d4\u10d0\u10d3\u10d2\u10d4\u10dc\u10e1 1000
2026-01-13 13:17:38,922 - მომხმარებელმა აირჩია 27 დამთხვევათა რაოდენობა შეადგენს 1
2026-01-13 13:17:39,611 - მომხმარებელმა აირჩია 17 დამთხვევათა რაოდენობა შეადგენს 2
2026-01-13 13:17:40,058 - მომხმარებელმა აირჩია 8 დამთხვევათა რაოდენობა შეადგენს 3
2026-01-13 13:17:42,338 - მომხმარებელმა აირჩია 5654 , ეს რიცხვი არცერთს არ ემთხვევა
2026-01-13 13:17:43,611 - მომხმარებელმა აირჩია 65 , ეს რიცხვი არცერთს არ ემთხვევა
2026-01-13 13:17:44,467 - მომხმარებელმა აირჩია 4 , ეს რიცხვი არცერთს არ ემთხვევა
2026-01-13 13:17:44,467 - მოგებული თანხა შეადგენს 200.0
2026-01-13 13:18:55,665 - კომპიუტერის რიცხვები არის : [22, 33, 12, 38, 2, 3]
2026-01-13 13:18:58,913 - მომხმარებელმა აირჩია 2 დამთხვევათა რაოდენობა შეადგენს 1
2026-01-13 13:18:59,304 - მომხმარებელმა აირჩია 2 დამთხვევათა რაოდენობა შეადგენს 2
2026-01-13 13:18:59,640 - მომხმარებელმა აირჩია 2 დამთხვევათა რაოდენობა შეადგენს 3
2026-01-13 13:18:59,968 - მომხმარებელმა აირჩია 2 დამთხვევათა რაოდენობა შეადგენს 4
2026-01-13 13:19:00,255 - მომხმარებელმა აირჩია 2 დამთხვევათა რაოდენობა შეადგენს 5
2026-01-13 13:19:04,664 - მომხმარებელმა აირჩია 22 დამთხვევათა რაოდენობა შეადგენს 6
2026-01-13 13:19:04,664 - მოგებული თანხა შეადგენს 1000
